<?xml version="1.0" encoding="UTF-8"?>
<testsuite xmlns:xsi="http://www.w3.org/2001/XMLSchema-instance" xsi:noNamespaceSchemaLocation="https://maven.apache.org/surefire/maven-surefire-plugin/xsd/surefire-test-report-3.0.xsd" version="3.0" name="InventoryTest" time="0.288" tests="9" errors="0" skipped="0" failures="0">
  <properties>
    <property name="java.specification.version" value="24"/>
    <property name="sun.jnu.encoding" value="UTF-8"/>
    <property name="java.class.path" value="/Users/macbook/Desktop/dadlaga/day7/day7/demo/target/test-classes:/Users/macbook/Desktop/dadlaga/day7/day7/demo/target/classes:/Users/macbook/.m2/repository/org/junit/jupiter/junit-jupiter/5.10.2/junit-jupiter-5.10.2.jar:/Users/macbook/.m2/repository/org/junit/jupiter/junit-jupiter-api/5.10.2/junit-jupiter-api-5.10.2.jar:/Users/macbook/.m2/repository/org/opentest4j/opentest4j/1.3.0/opentest4j-1.3.0.jar:/Users/macbook/.m2/repository/org/junit/platform/junit-platform-commons/1.10.2/junit-platform-commons-1.10.2.jar:/Users/macbook/.m2/repository/org/apiguardian/apiguardian-api/1.1.2/apiguardian-api-1.1.2.jar:/Users/macbook/.m2/repository/org/junit/jupiter/junit-jupiter-params/5.10.2/junit-jupiter-params-5.10.2.jar:/Users/macbook/.m2/repository/org/junit/jupiter/junit-jupiter-engine/5.10.2/junit-jupiter-engine-5.10.2.jar:/Users/macbook/.m2/repository/org/junit/platform/junit-platform-engine/1.10.2/junit-platform-engine-1.10.2.jar:/Users/macbook/.m2/repository/com/amazonaws/aws-java-sdk-s3/1.11.615/aws-java-sdk-s3-1.11.615.jar:/Users/macbook/.m2/repository/com/amazonaws/aws-java-sdk-kms/1.11.615/aws-java-sdk-kms-1.11.615.jar:/Users/macbook/.m2/repository/com/amazonaws/aws-java-sdk-core/1.11.615/aws-java-sdk-core-1.11.615.jar:/Users/macbook/.m2/repository/commons-logging/commons-logging/1.1.3/commons-logging-1.1.3.jar:/Users/macbook/.m2/repository/org/apache/httpcomponents/httpclient/4.5.9/httpclient-4.5.9.jar:/Users/macbook/.m2/repository/org/apache/httpcomponents/httpcore/4.4.11/httpcore-4.4.11.jar:/Users/macbook/.m2/repository/commons-codec/commons-codec/1.11/commons-codec-1.11.jar:/Users/macbook/.m2/repository/software/amazon/ion/ion-java/1.0.2/ion-java-1.0.2.jar:/Users/macbook/.m2/repository/com/fasterxml/jackson/core/jackson-databind/2.6.7.2/jackson-databind-2.6.7.2.jar:/Users/macbook/.m2/repository/com/fasterxml/jackson/core/jackson-annotations/2.6.0/jackson-annotations-2.6.0.jar:/Users/macbook/.m2/repository/com/fasterxml/jackson/core/jackson-core/2.6.7/jackson-core-2.6.7.jar:/Users/macbook/.m2/repository/com/fasterxml/jackson/dataformat/jackson-dataformat-cbor/2.6.7/jackson-dataformat-cbor-2.6.7.jar:/Users/macbook/.m2/repository/joda-time/joda-time/2.8.1/joda-time-2.8.1.jar:/Users/macbook/.m2/repository/com/amazonaws/jmespath-java/1.11.615/jmespath-java-1.11.615.jar:/Users/macbook/.m2/repository/org/apache/logging/log4j/log4j-api/2.20.0/log4j-api-2.20.0.jar:/Users/macbook/.m2/repository/org/apache/logging/log4j/log4j-core/2.20.0/log4j-core-2.20.0.jar:"/>
    <property name="java.vm.vendor" value="Homebrew"/>
    <property name="sun.arch.data.model" value="64"/>
    <property name="java.vendor.url" value="https://github.com/Homebrew/homebrew-core/issues"/>
    <property name="user.timezone" value="Asia/Ulaanbaatar"/>
    <property name="os.name" value="Mac OS X"/>
    <property name="java.vm.specification.version" value="24"/>
    <property name="sun.java.launcher" value="SUN_STANDARD"/>
    <property name="user.country" value="MN"/>
    <property name="sun.boot.library.path" value="/opt/homebrew/Cellar/openjdk/24.0.1/libexec/openjdk.jdk/Contents/Home/lib"/>
    <property name="sun.java.command" value="/Users/macbook/Desktop/dadlaga/day7/day7/demo/target/surefire/surefirebooter-20250612111049808_3.jar /Users/macbook/Desktop/dadlaga/day7/day7/demo/target/surefire 2025-06-12T11-10-48_866-jvmRun1 surefire-20250612111049808_1tmp surefire_0-20250612111049808_2tmp"/>
    <property name="http.nonProxyHosts" value="local|*.local|169.254/16|*.169.254/16"/>
    <property name="jdk.debug" value="release"/>
    <property name="surefire.test.class.path" value="/Users/macbook/Desktop/dadlaga/day7/day7/demo/target/test-classes:/Users/macbook/Desktop/dadlaga/day7/day7/demo/target/classes:/Users/macbook/.m2/repository/org/junit/jupiter/junit-jupiter/5.10.2/junit-jupiter-5.10.2.jar:/Users/macbook/.m2/repository/org/junit/jupiter/junit-jupiter-api/5.10.2/junit-jupiter-api-5.10.2.jar:/Users/macbook/.m2/repository/org/opentest4j/opentest4j/1.3.0/opentest4j-1.3.0.jar:/Users/macbook/.m2/repository/org/junit/platform/junit-platform-commons/1.10.2/junit-platform-commons-1.10.2.jar:/Users/macbook/.m2/repository/org/apiguardian/apiguardian-api/1.1.2/apiguardian-api-1.1.2.jar:/Users/macbook/.m2/repository/org/junit/jupiter/junit-jupiter-params/5.10.2/junit-jupiter-params-5.10.2.jar:/Users/macbook/.m2/repository/org/junit/jupiter/junit-jupiter-engine/5.10.2/junit-jupiter-engine-5.10.2.jar:/Users/macbook/.m2/repository/org/junit/platform/junit-platform-engine/1.10.2/junit-platform-engine-1.10.2.jar:/Users/macbook/.m2/repository/com/amazonaws/aws-java-sdk-s3/1.11.615/aws-java-sdk-s3-1.11.615.jar:/Users/macbook/.m2/repository/com/amazonaws/aws-java-sdk-kms/1.11.615/aws-java-sdk-kms-1.11.615.jar:/Users/macbook/.m2/repository/com/amazonaws/aws-java-sdk-core/1.11.615/aws-java-sdk-core-1.11.615.jar:/Users/macbook/.m2/repository/commons-logging/commons-logging/1.1.3/commons-logging-1.1.3.jar:/Users/macbook/.m2/repository/org/apache/httpcomponents/httpclient/4.5.9/httpclient-4.5.9.jar:/Users/macbook/.m2/repository/org/apache/httpcomponents/httpcore/4.4.11/httpcore-4.4.11.jar:/Users/macbook/.m2/repository/commons-codec/commons-codec/1.11/commons-codec-1.11.jar:/Users/macbook/.m2/repository/software/amazon/ion/ion-java/1.0.2/ion-java-1.0.2.jar:/Users/macbook/.m2/repository/com/fasterxml/jackson/core/jackson-databind/2.6.7.2/jackson-databind-2.6.7.2.jar:/Users/macbook/.m2/repository/com/fasterxml/jackson/core/jackson-annotations/2.6.0/jackson-annotations-2.6.0.jar:/Users/macbook/.m2/repository/com/fasterxml/jackson/core/jackson-core/2.6.7/jackson-core-2.6.7.jar:/Users/macbook/.m2/repository/com/fasterxml/jackson/dataformat/jackson-dataformat-cbor/2.6.7/jackson-dataformat-cbor-2.6.7.jar:/Users/macbook/.m2/repository/joda-time/joda-time/2.8.1/joda-time-2.8.1.jar:/Users/macbook/.m2/repository/com/amazonaws/jmespath-java/1.11.615/jmespath-java-1.11.615.jar:/Users/macbook/.m2/repository/org/apache/logging/log4j/log4j-api/2.20.0/log4j-api-2.20.0.jar:/Users/macbook/.m2/repository/org/apache/logging/log4j/log4j-core/2.20.0/log4j-core-2.20.0.jar:"/>
    <property name="sun.cpu.endian" value="little"/>
    <property name="user.home" value="/Users/macbook"/>
    <property name="user.language" value="en"/>
    <property name="java.specification.vendor" value="Oracle Corporation"/>
    <property name="java.version.date" value="2025-04-15"/>
    <property name="java.home" value="/opt/homebrew/Cellar/openjdk/24.0.1/libexec/openjdk.jdk/Contents/Home"/>
    <property name="file.separator" value="/"/>
    <property name="basedir" value="/Users/macbook/Desktop/dadlaga/day7/day7/demo"/>
    <property name="java.vm.compressedOopsMode" value="Zero based"/>
    <property name="line.separator" value="&#10;"/>
    <property name="java.vm.specification.vendor" value="Oracle Corporation"/>
    <property name="java.specification.name" value="Java Platform API Specification"/>
    <property name="apple.awt.application.name" value="ForkedBooter"/>
    <property name="surefire.real.class.path" value="/Users/macbook/Desktop/dadlaga/day7/day7/demo/target/surefire/surefirebooter-20250612111049808_3.jar"/>
    <property name="sun.management.compiler" value="HotSpot 64-Bit Tiered Compilers"/>
    <property name="ftp.nonProxyHosts" value="local|*.local|169.254/16|*.169.254/16"/>
    <property name="java.runtime.version" value="24.0.1"/>
    <property name="user.name" value="macbook"/>
    <property name="stdout.encoding" value="UTF-8"/>
    <property name="path.separator" value=":"/>
    <property name="os.version" value="15.5"/>
    <property name="java.runtime.name" value="OpenJDK Runtime Environment"/>
    <property name="file.encoding" value="UTF-8"/>
    <property name="java.vm.name" value="OpenJDK 64-Bit Server VM"/>
    <property name="java.vendor.version" value="Homebrew"/>
    <property name="localRepository" value="/Users/macbook/.m2/repository"/>
    <property name="java.vendor.url.bug" value="https://github.com/Homebrew/homebrew-core/issues"/>
    <property name="java.io.tmpdir" value="/var/folders/cs/wbh65b7143d6pmpfzdtnzr2m0000gn/T/"/>
    <property name="java.version" value="24.0.1"/>
    <property name="user.dir" value="/Users/macbook/Desktop/dadlaga/day7/day7/demo"/>
    <property name="os.arch" value="aarch64"/>
    <property name="java.vm.specification.name" value="Java Virtual Machine Specification"/>
    <property name="native.encoding" value="UTF-8"/>
    <property name="java.library.path" value="/Users/macbook/Library/Java/Extensions:/Library/Java/Extensions:/Network/Library/Java/Extensions:/System/Library/Java/Extensions:/usr/lib/java:."/>
    <property name="java.vm.info" value="mixed mode, sharing"/>
    <property name="stderr.encoding" value="UTF-8"/>
    <property name="java.vendor" value="Homebrew"/>
    <property name="java.vm.version" value="24.0.1"/>
    <property name="sun.io.unicode.encoding" value="UnicodeBig"/>
    <property name="socksNonProxyHosts" value="local|*.local|169.254/16|*.169.254/16"/>
    <property name="java.class.version" value="68.0"/>
  </properties>
  <testcase name="testAddNewProduct" classname="InventoryTest" time="0.262">
    <system-out><![CDATA[11:10:50.324 [main] INFO  com.example.Inventory - Бараа амжилттай нэмэгдлээ: P001 - Printer - 5.0
]]></system-out>
  </testcase>
  <testcase name="testGetProductWithExactQuantity" classname="InventoryTest" time="0.002">
    <system-out><![CDATA[11:10:50.332 [main] INFO  com.example.Inventory - Бараа амжилттай нэмэгдлээ: H001 - Headset - 3.0
11:10:50.332 [main] INFO  com.example.Inventory - H001 кодтой {:.1f} ширхэг 3.0 бараа нөөцөөс хасагдлаа.
]]></system-out>
  </testcase>
  <testcase name="testGetProductFailsIfInsufficientStock" classname="InventoryTest" time="0.002">
    <system-out><![CDATA[11:10:50.334 [main] INFO  com.example.Inventory - Бараа амжилттай нэмэгдлээ: M001 - Monitor - 2.0
11:10:50.334 [main] WARN  com.example.Inventory - Хангалттай тоо ширхэг байхгүй байна: шаардлагатай = 5.0, байгаа = 2.0
]]></system-out>
  </testcase>
  <testcase name="testGetProductNonExistingCode" classname="InventoryTest" time="0.002">
    <system-out><![CDATA[11:10:50.337 [main] INFO  com.example.Inventory - Бараа амжилттай нэмэгдлээ: C001 - Camera - 4.0
11:10:50.337 [main] WARN  com.example.Inventory - Бараа олдсонгүй: C999
]]></system-out>
  </testcase>
  <testcase name="testAddProductWithZeroQuantity" classname="InventoryTest" time="0.0">
    <system-out><![CDATA[11:10:50.338 [main] INFO  com.example.Inventory - Бараа амжилттай нэмэгдлээ: S001 - Scanner - 0.0
]]></system-out>
  </testcase>
  <testcase name="testAddProductWithNegativeQuantity" classname="InventoryTest" time="0.003"/>
  <testcase name="testGetProductSuccessfully" classname="InventoryTest" time="0.002">
    <system-out><![CDATA[11:10:50.343 [main] INFO  com.example.Inventory - Бараа амжилттай нэмэгдлээ: M001 - Monitor - 10.0
11:10:50.344 [main] INFO  com.example.Inventory - M001 кодтой {:.1f} ширхэг 5.0 бараа нөөцөөс хасагдлаа.
]]></system-out>
  </testcase>
  <testcase name="testAddExistingProductIncreasesQuantity" classname="InventoryTest" time="0.001">
    <system-out><![CDATA[11:10:50.345 [main] INFO  com.example.Inventory - Бараа амжилттай нэмэгдлээ: P001 - Printer - 5.0
11:10:50.346 [main] INFO  com.example.Inventory - Бараа амжилттай нэмэгдлээ: P001 - Printer - 3.0
]]></system-out>
  </testcase>
  <testcase name="testGetProductFromEmptyInventory" classname="InventoryTest" time="0.001">
    <system-out><![CDATA[11:10:50.347 [main] WARN  com.example.Inventory - Бараа олдсонгүй: M005
]]></system-out>
  </testcase>
</testsuite>